#
# There is insufficient memory for the Java Runtime Environment to continue.
# Native memory allocation (malloc) failed to allocate 32744 bytes for Chunk::new
# Possible reasons:
#   The system is out of physical RAM or swap space
#   The process is running with CompressedOops enabled, and the Java Heap may be blocking the growth of the native heap
# Possible solutions:
#   Reduce memory load on the system
#   Increase physical memory or swap space
#   Check if swap backing store is full
#   Decrease Java heap size (-Xmx/-Xms)
#   Decrease number of Java threads
#   Decrease Java thread stack sizes (-Xss)
#   Set larger code cache with -XX:ReservedCodeCacheSize=
#   JVM is running with Unscaled Compressed Oops mode in which the Java heap is
#     placed in the first 4GB address space. The Java Heap base address is the
#     maximum limit for the native heap growth. Please use -XX:HeapBaseMinAddress
#     to set the Java Heap base and to place the Java Heap above 4GB virtual address.
# This output file may be truncated or incomplete.
#
#  Out of Memory Error (arena.cpp:168), pid=5056, tid=8700
#
# JRE version: Java(TM) SE Runtime Environment (21.0.8+12) (build 21.0.8+12-LTS-250)
# Java VM: Java HotSpot(TM) 64-Bit Server VM (21.0.8+12-LTS-250, mixed mode, sharing, tiered, compressed oops, compressed class ptrs, g1 gc, windows-amd64)
# No core dump will be written. Minidumps are not enabled by default on client versions of Windows
#

---------------  S U M M A R Y ------------

Command Line: -Dclassworlds.conf=C:\Program Files\JetBrains\IntelliJ IDEA 2025.2.2\plugins\maven\lib\maven3\bin\m2.conf -Dmaven.home=C:\Program Files\JetBrains\IntelliJ IDEA 2025.2.2\plugins\maven\lib\maven3 -Dlibrary.jansi.path=C:\Program Files\JetBrains\IntelliJ IDEA 2025.2.2\plugins\maven\lib\maven3\lib\jansi-native -Dmaven.multiModuleProjectDirectory=D:\Spring Khamlishi\mini-ecom\backend\mini-ecommerce org.codehaus.plexus.classworlds.launcher.Launcher -Didea.version=2025.2.2 -Dmaven.ext.class.path=C:\Program Files\JetBrains\IntelliJ IDEA 2025.2.2\plugins\maven\lib\maven-event-listener.jar -Djansi.passthrough=true -Dstyle.color=always -Dmaven.repo.local=C:\Users\chakh\.m2\repository install -f pom.xml

Host: Intel(R) Core(TM) i3-7100U CPU @ 2.40GHz, 4 cores, 7G,  Windows 10 , 64 bit Build 19041 (10.0.19041.5915)
Time: Sun Dec  7 23:44:59 2025 Morocco Daylight Time elapsed time: 43.675823 seconds (0d 0h 0m 43s)

---------------  T H R E A D  ---------------

Current thread (0x000001fbd8d3e6a0):  JavaThread "C2 CompilerThread1" daemon [_thread_in_native, id=8700, stack(0x000000a325300000,0x000000a325400000) (1024K)]


Current CompileTask:
C2:  43676 9037   !   4       java.lang.ClassLoader::loadClass (121 bytes)

Stack: [0x000000a325300000,0x000000a325400000]
Native frames: (J=compiled Java code, j=interpreted, Vv=VM code, C=native code)
V  [jvm.dll+0x6cc179]
V  [jvm.dll+0x8584c1]
V  [jvm.dll+0x85a9ee]
V  [jvm.dll+0x85b0c3]
V  [jvm.dll+0x27ebf6]
V  [jvm.dll+0xc4f4d]
V  [jvm.dll+0xc5483]
V  [jvm.dll+0x3bc16d]
V  [jvm.dll+0x3bb991]
V  [jvm.dll+0x3bb9d4]
V  [jvm.dll+0x5d7536]
V  [jvm.dll+0x5d7c85]
V  [jvm.dll+0x382a64]
V  [jvm.dll+0x381eaa]
V  [jvm.dll+0x247670]
V  [jvm.dll+0x246c4f]
V  [jvm.dll+0x1c7a3e]
V  [jvm.dll+0x256359]
V  [jvm.dll+0x2548ea]
V  [jvm.dll+0x3efef6]
V  [jvm.dll+0x80279b]
V  [jvm.dll+0x6ca85d]
C  [ucrtbase.dll+0x21bb2]
C  [KERNEL32.DLL+0x17374]
C  [ntdll.dll+0x4cc91]


---------------  P R O C E S S  ---------------

Threads class SMR info:
_java_thread_list=0x000001fbdb2b3bc0, length=19, elements={
0x000001fbf3f12cb0, 0x000001fbff172440, 0x000001fbff173150, 0x000001fbff174c40,
0x000001fbff175690, 0x000001fbff178370, 0x000001fbff17bc50, 0x000001fbff183cb0,
0x000001fbff1ac070, 0x000001fbff17ea40, 0x000001fbff17c970, 0x000001fbff17b5c0,
0x000001fbff17d000, 0x000001fbff17d690, 0x000001fbd8d3e6a0, 0x000001fbff17dd20,
0x000001fbda961e50, 0x000001fbda963890, 0x000001fbda963f20
}

Java Threads: ( => current thread )
  0x000001fbf3f12cb0 JavaThread "main"                              [_thread_in_native, id=13212, stack(0x000000a323900000,0x000000a323a00000) (1024K)]
  0x000001fbff172440 JavaThread "Reference Handler"          daemon [_thread_blocked, id=9264, stack(0x000000a324200000,0x000000a324300000) (1024K)]
  0x000001fbff173150 JavaThread "Finalizer"                  daemon [_thread_blocked, id=4940, stack(0x000000a324300000,0x000000a324400000) (1024K)]
  0x000001fbff174c40 JavaThread "Signal Dispatcher"          daemon [_thread_blocked, id=11736, stack(0x000000a324400000,0x000000a324500000) (1024K)]
  0x000001fbff175690 JavaThread "Attach Listener"            daemon [_thread_blocked, id=3280, stack(0x000000a324500000,0x000000a324600000) (1024K)]
  0x000001fbff178370 JavaThread "Service Thread"             daemon [_thread_blocked, id=12060, stack(0x000000a324600000,0x000000a324700000) (1024K)]
  0x000001fbff17bc50 JavaThread "Monitor Deflation Thread"   daemon [_thread_blocked, id=7840, stack(0x000000a324700000,0x000000a324800000) (1024K)]
  0x000001fbff183cb0 JavaThread "C2 CompilerThread0"         daemon [_thread_in_native, id=7256, stack(0x000000a324800000,0x000000a324900000) (1024K)]
  0x000001fbff1ac070 JavaThread "C1 CompilerThread0"         daemon [_thread_blocked, id=12468, stack(0x000000a324900000,0x000000a324a00000) (1024K)]
  0x000001fbff17ea40 JavaThread "Notification Thread"        daemon [_thread_blocked, id=4920, stack(0x000000a324a00000,0x000000a324b00000) (1024K)]
  0x000001fbff17c970 JavaThread "Common-Cleaner"             daemon [_thread_blocked, id=9188, stack(0x000000a324b00000,0x000000a324c00000) (1024K)]
  0x000001fbff17b5c0 JavaThread "Thread-1"                   daemon [_thread_blocked, id=12160, stack(0x000000a325000000,0x000000a325100000) (1024K)]
  0x000001fbff17d000 JavaThread "timeout-check-timer"        daemon [_thread_blocked, id=4004, stack(0x000000a324f00000,0x000000a325000000) (1024K)]
  0x000001fbff17d690 JavaThread "ping-timer-10s"             daemon [_thread_blocked, id=8, stack(0x000000a325200000,0x000000a325300000) (1024K)]
=>0x000001fbd8d3e6a0 JavaThread "C2 CompilerThread1"         daemon [_thread_in_native, id=8700, stack(0x000000a325300000,0x000000a325400000) (1024K)]
  0x000001fbff17dd20 JavaThread "ThreadedStreamConsumer"     daemon [_thread_blocked, id=12040, stack(0x000000a325400000,0x000000a325500000) (1024K)]
  0x000001fbda961e50 JavaThread "fork-1-err-thread"          daemon [_thread_in_native, id=11236, stack(0x000000a325500000,0x000000a325600000) (1024K)]
  0x000001fbda963890 JavaThread "commands-fork-1"            daemon [_thread_blocked, id=7444, stack(0x000000a325800000,0x000000a325900000) (1024K)]
  0x000001fbda963f20 JavaThread "fork-1-event-thread"        daemon [_thread_in_native, id=8792, stack(0x000000a325900000,0x000000a325a00000) (1024K)]
Total: 19

Other Threads:
  0x000001fbff154ea0 VMThread "VM Thread"                           [id=4536, stack(0x000000a324000000,0x000000a324100000) (1024K)]
  0x000001fbff142360 WatcherThread "VM Periodic Task Thread"        [id=9716, stack(0x000000a323f00000,0x000000a324000000) (1024K)]
  0x000001fbf6092900 WorkerThread "GC Thread#0"                     [id=9932, stack(0x000000a323a00000,0x000000a323b00000) (1024K)]
  0x000001fbd8bcab80 WorkerThread "GC Thread#1"                     [id=12548, stack(0x000000a324c00000,0x000000a324d00000) (1024K)]
  0x000001fbd8bcaf20 WorkerThread "GC Thread#2"                     [id=4052, stack(0x000000a324d00000,0x000000a324e00000) (1024K)]
  0x000001fbd876d850 WorkerThread "GC Thread#3"                     [id=5092, stack(0x000000a324e00000,0x000000a324f00000) (1024K)]
  0x000001fbf60a3360 ConcurrentGCThread "G1 Main Marker"            [id=11548, stack(0x000000a323b00000,0x000000a323c00000) (1024K)]
  0x000001fbf60a4510 WorkerThread "G1 Conc#0"                       [id=2120, stack(0x000000a323c00000,0x000000a323d00000) (1024K)]
  0x000001fbff0134c0 ConcurrentGCThread "G1 Refine#0"               [id=9884, stack(0x000000a323d00000,0x000000a323e00000) (1024K)]
  0x000001fbff013e40 ConcurrentGCThread "G1 Service"                [id=6544, stack(0x000000a323e00000,0x000000a323f00000) (1024K)]
Total: 10

Threads with active compile tasks:
C2 CompilerThread0    43742 9036       4       org.codehaus.plexus.classworlds.realm.ClassRealm::loadClass (7 bytes)
C2 CompilerThread1    43742 9037   !   4       java.lang.ClassLoader::loadClass (121 bytes)
Total: 2

VM state: not at safepoint (normal execution)

VM Mutex/Monitor currently owned by a thread: None

Heap address: 0x0000000083200000, size: 1998 MB, Compressed Oops mode: 32-bit

CDS archive(s) mapped at: [0x000001fb93000000-0x000001fb93c90000-0x000001fb93c90000), size 13172736, SharedBaseAddress: 0x000001fb93000000, ArchiveRelocationMode: 1.
Compressed class space mapped at: 0x000001fb94000000-0x000001fbd4000000, reserved size: 1073741824
Narrow klass base: 0x000001fb93000000, Narrow klass shift: 0, Narrow klass range: 0x100000000

GC Precious Log:
 CardTable entry size: 512
 Card Set container configuration: InlinePtr #cards 5 size 8 Array Of Cards #cards 12 size 40 Howl #buckets 4 coarsen threshold 1843 Howl Bitmap #cards 512 size 80 coarsen threshold 460 Card regions per heap region 1 cards per card region 2048
 CPUs: 4 total, 4 available
 Memory: 7987M
 Large Page Support: Disabled
 NUMA Support: Disabled
 Compressed Oops: Enabled (32-bit)
 Heap Region Size: 1M
 Heap Min Capacity: 8M
 Heap Initial Capacity: 126M
 Heap Max Capacity: 1998M
 Pre-touch: Disabled
 Parallel Workers: 4
 Concurrent Workers: 1
 Concurrent Refinement Workers: 4
 Periodic GC: Disabled

Heap:
 garbage-first heap   total 106496K, used 82291K [0x0000000083200000, 0x0000000100000000)
  region size 1024K, 24 young (24576K), 2 survivors (2048K)
 Metaspace       used 42004K, committed 42560K, reserved 1114112K
  class space    used 4673K, committed 4928K, reserved 1048576K

Heap Regions: E=young(eden), S=young(survivor), O=old, HS=humongous(starts), HC=humongous(continues), CS=collection set, F=free, TAMS=top-at-mark-start, PB=parsable bottom
|   0|0x0000000083200000, 0x0000000083300000, 0x0000000083300000|100%| O|  |TAMS 0x0000000083200000| PB 0x0000000083200000| Untracked 
|   1|0x0000000083300000, 0x0000000083400000, 0x0000000083400000|100%| O|  |TAMS 0x0000000083300000| PB 0x0000000083300000| Untracked 
|   2|0x0000000083400000, 0x0000000083500000, 0x0000000083500000|100%| O|  |TAMS 0x0000000083400000| PB 0x0000000083400000| Untracked 
|   3|0x0000000083500000, 0x0000000083600000, 0x0000000083600000|100%| O|  |TAMS 0x0000000083500000| PB 0x0000000083500000| Untracked 
|   4|0x0000000083600000, 0x0000000083700000, 0x0000000083700000|100%| O|  |TAMS 0x0000000083600000| PB 0x0000000083600000| Untracked 
|   5|0x0000000083700000, 0x0000000083800000, 0x0000000083800000|100%| O|  |TAMS 0x0000000083700000| PB 0x0000000083700000| Untracked 
|   6|0x0000000083800000, 0x0000000083900000, 0x0000000083900000|100%| O|  |TAMS 0x0000000083800000| PB 0x0000000083800000| Untracked 
|   7|0x0000000083900000, 0x0000000083a00000, 0x0000000083a00000|100%| O|  |TAMS 0x0000000083900000| PB 0x0000000083900000| Untracked 
|   8|0x0000000083a00000, 0x0000000083b00000, 0x0000000083b00000|100%| O|  |TAMS 0x0000000083a00000| PB 0x0000000083a00000| Untracked 
|   9|0x0000000083b00000, 0x0000000083c00000, 0x0000000083c00000|100%| O|  |TAMS 0x0000000083b00000| PB 0x0000000083b00000| Untracked 
|  10|0x0000000083c00000, 0x0000000083d00000, 0x0000000083d00000|100%| O|  |TAMS 0x0000000083c00000| PB 0x0000000083c00000| Untracked 
|  11|0x0000000083d00000, 0x0000000083e00000, 0x0000000083e00000|100%| O|  |TAMS 0x0000000083d00000| PB 0x0000000083d00000| Untracked 
|  12|0x0000000083e00000, 0x0000000083f00000, 0x0000000083f00000|100%| O|  |TAMS 0x0000000083e00000| PB 0x0000000083e00000| Untracked 
|  13|0x0000000083f00000, 0x0000000084000000, 0x0000000084000000|100%| O|Cm|TAMS 0x0000000083f00000| PB 0x0000000083f00000| Complete 
|  14|0x0000000084000000, 0x0000000084100000, 0x0000000084100000|100%| O|Cm|TAMS 0x0000000084000000| PB 0x0000000084000000| Complete 
|  15|0x0000000084100000, 0x0000000084200000, 0x0000000084200000|100%| O|  |TAMS 0x0000000084100000| PB 0x0000000084100000| Untracked 
|  16|0x0000000084200000, 0x0000000084300000, 0x0000000084300000|100%|HS|  |TAMS 0x0000000084200000| PB 0x0000000084200000| Complete 
|  17|0x0000000084300000, 0x0000000084400000, 0x0000000084400000|100%|HC|  |TAMS 0x0000000084300000| PB 0x0000000084300000| Complete 
|  18|0x0000000084400000, 0x0000000084500000, 0x0000000084500000|100%|HC|  |TAMS 0x0000000084400000| PB 0x0000000084400000| Complete 
|  19|0x0000000084500000, 0x0000000084600000, 0x0000000084600000|100%| O|  |TAMS 0x0000000084500000| PB 0x0000000084500000| Untracked 
|  20|0x0000000084600000, 0x0000000084700000, 0x0000000084700000|100%| O|  |TAMS 0x0000000084600000| PB 0x0000000084600000| Untracked 
|  21|0x0000000084700000, 0x0000000084800000, 0x0000000084800000|100%| O|  |TAMS 0x0000000084700000| PB 0x0000000084700000| Untracked 
|  22|0x0000000084800000, 0x0000000084900000, 0x0000000084900000|100%| O|Cm|TAMS 0x0000000084800000| PB 0x0000000084800000| Complete 
|  23|0x0000000084900000, 0x0000000084a00000, 0x0000000084a00000|100%| O|  |TAMS 0x0000000084900000| PB 0x0000000084900000| Untracked 
|  24|0x0000000084a00000, 0x0000000084b00000, 0x0000000084b00000|100%| O|  |TAMS 0x0000000084a00000| PB 0x0000000084a00000| Untracked 
|  25|0x0000000084b00000, 0x0000000084c00000, 0x0000000084c00000|100%| O|Cm|TAMS 0x0000000084b00000| PB 0x0000000084b00000| Complete 
|  26|0x0000000084c00000, 0x0000000084d00000, 0x0000000084d00000|100%| O|Cm|TAMS 0x0000000084c00000| PB 0x0000000084c00000| Complete 
|  27|0x0000000084d00000, 0x0000000084e00000, 0x0000000084e00000|100%| O|  |TAMS 0x0000000084d00000| PB 0x0000000084d00000| Untracked 
|  28|0x0000000084e00000, 0x0000000084f00000, 0x0000000084f00000|100%| O|Cm|TAMS 0x0000000084e00000| PB 0x0000000084e00000| Complete 
|  29|0x0000000084f00000, 0x0000000084f00000, 0x0000000085000000|  0%| F|  |TAMS 0x0000000084f00000| PB 0x0000000084f00000| Untracked 
|  30|0x0000000085000000, 0x0000000085100000, 0x0000000085100000|100%| O|  |TAMS 0x0000000085000000| PB 0x0000000085000000| Untracked 
|  31|0x0000000085100000, 0x0000000085200000, 0x0000000085200000|100%| O|  |TAMS 0x0000000085100000| PB 0x0000000085100000| Untracked 
|  32|0x0000000085200000, 0x0000000085200000, 0x0000000085300000|  0%| F|  |TAMS 0x0000000085200000| PB 0x0000000085200000| Untracked 
|  33|0x0000000085300000, 0x0000000085300000, 0x0000000085400000|  0%| F|  |TAMS 0x0000000085300000| PB 0x0000000085300000| Untracked 
|  34|0x0000000085400000, 0x0000000085500000, 0x0000000085500000|100%| O|Cm|TAMS 0x0000000085400000| PB 0x0000000085400000| Complete 
|  35|0x0000000085500000, 0x0000000085500000, 0x0000000085600000|  0%| F|  |TAMS 0x0000000085500000| PB 0x0000000085500000| Untracked 
|  36|0x0000000085600000, 0x0000000085700000, 0x0000000085700000|100%|HS|  |TAMS 0x0000000085600000| PB 0x0000000085600000| Complete 
|  37|0x0000000085700000, 0x0000000085800000, 0x0000000085800000|100%|HC|  |TAMS 0x0000000085700000| PB 0x0000000085700000| Complete 
|  38|0x0000000085800000, 0x0000000085900000, 0x0000000085900000|100%|HC|  |TAMS 0x0000000085800000| PB 0x0000000085800000| Complete 
|  39|0x0000000085900000, 0x0000000085a00000, 0x0000000085a00000|100%| O|  |TAMS 0x0000000085900000| PB 0x0000000085900000| Untracked 
|  40|0x0000000085a00000, 0x0000000085b00000, 0x0000000085b00000|100%| O|  |TAMS 0x0000000085a00000| PB 0x0000000085a00000| Untracked 
|  41|0x0000000085b00000, 0x0000000085c00000, 0x0000000085c00000|100%|HS|  |TAMS 0x0000000085b00000| PB 0x0000000085b00000| Complete 
|  42|0x0000000085c00000, 0x0000000085d00000, 0x0000000085d00000|100%| O|Cm|TAMS 0x0000000085c00000| PB 0x0000000085c00000| Complete 
|  43|0x0000000085d00000, 0x0000000085e00000, 0x0000000085e00000|100%| O|Cm|TAMS 0x0000000085d00000| PB 0x0000000085d00000| Complete 
|  44|0x0000000085e00000, 0x0000000085f00000, 0x0000000085f00000|100%| O|Cm|TAMS 0x0000000085e00000| PB 0x0000000085e00000| Complete 
|  45|0x0000000085f00000, 0x0000000086000000, 0x0000000086000000|100%| O|Cm|TAMS 0x0000000085f00000| PB 0x0000000085f00000| Complete 
|  46|0x0000000086000000, 0x0000000086100000, 0x0000000086100000|100%| O|Cm|TAMS 0x0000000086000000| PB 0x0000000086000000| Complete 
|  47|0x0000000086100000, 0x0000000086200000, 0x0000000086200000|100%| O|  |TAMS 0x0000000086100000| PB 0x0000000086100000| Untracked 
|  48|0x0000000086200000, 0x0000000086300000, 0x0000000086300000|100%| O|  |TAMS 0x0000000086200000| PB 0x0000000086200000| Untracked 
|  49|0x0000000086300000, 0x0000000086400000, 0x0000000086400000|100%| O|  |TAMS 0x0000000086300000| PB 0x0000000086300000| Untracked 
|  50|0x0000000086400000, 0x0000000086500000, 0x0000000086500000|100%| O|  |TAMS 0x0000000086400000| PB 0x0000000086400000| Untracked 
|  51|0x0000000086500000, 0x0000000086600000, 0x0000000086600000|100%|HS|  |TAMS 0x0000000086500000| PB 0x0000000086500000| Complete 
|  52|0x0000000086600000, 0x0000000086700000, 0x0000000086700000|100%| O|  |TAMS 0x0000000086600000| PB 0x0000000086600000| Untracked 
|  53|0x0000000086700000, 0x0000000086800000, 0x0000000086800000|100%| O|  |TAMS 0x0000000086700000| PB 0x0000000086700000| Untracked 
|  54|0x0000000086800000, 0x0000000086900000, 0x0000000086900000|100%| O|  |TAMS 0x0000000086800000| PB 0x0000000086800000| Untracked 
|  55|0x0000000086900000, 0x0000000086a00000, 0x0000000086a00000|100%| O|  |TAMS 0x0000000086900000| PB 0x0000000086900000| Untracked 
|  56|0x0000000086a00000, 0x0000000086b00000, 0x0000000086b00000|100%| O|  |TAMS 0x0000000086a00000| PB 0x0000000086a00000| Untracked 
|  57|0x0000000086b00000, 0x0000000086c00000, 0x0000000086c00000|100%| O|  |TAMS 0x0000000086b00000| PB 0x0000000086b00000| Untracked 
|  58|0x0000000086c00000, 0x0000000086c00000, 0x0000000086d00000|  0%| F|  |TAMS 0x0000000086c00000| PB 0x0000000086c00000| Untracked 
|  59|0x0000000086d00000, 0x0000000086d00000, 0x0000000086e00000|  0%| F|  |TAMS 0x0000000086d00000| PB 0x0000000086d00000| Untracked 
|  60|0x0000000086e00000, 0x0000000086e00000, 0x0000000086f00000|  0%| F|  |TAMS 0x0000000086e00000| PB 0x0000000086e00000| Untracked 
|  61|0x0000000086f00000, 0x0000000086f00000, 0x0000000087000000|  0%| F|  |TAMS 0x0000000086f00000| PB 0x0000000086f00000| Untracked 
|  62|0x0000000087000000, 0x0000000087000000, 0x0000000087100000|  0%| F|  |TAMS 0x0000000087000000| PB 0x0000000087000000| Untracked 
|  63|0x0000000087100000, 0x0000000087100000, 0x0000000087200000|  0%| F|  |TAMS 0x0000000087100000| PB 0x0000000087100000| Untracked 
|  64|0x0000000087200000, 0x0000000087200000, 0x0000000087300000|  0%| F|  |TAMS 0x0000000087200000| PB 0x0000000087200000| Untracked 
|  65|0x0000000087300000, 0x0000000087300000, 0x0000000087400000|  0%| F|  |TAMS 0x0000000087300000| PB 0x0000000087300000| Untracked 
|  66|0x0000000087400000, 0x0000000087400000, 0x0000000087500000|  0%| F|  |TAMS 0x0000000087400000| PB 0x0000000087400000| Untracked 
|  67|0x0000000087500000, 0x0000000087500000, 0x0000000087600000|  0%| F|  |TAMS 0x0000000087500000| PB 0x0000000087500000| Untracked 
|  68|0x0000000087600000, 0x0000000087600000, 0x0000000087700000|  0%| F|  |TAMS 0x0000000087600000| PB 0x0000000087600000| Untracked 
|  69|0x0000000087700000, 0x0000000087700000, 0x0000000087800000|  0%| F|  |TAMS 0x0000000087700000| PB 0x0000000087700000| Untracked 
|  70|0x0000000087800000, 0x0000000087800000, 0x0000000087900000|  0%| F|  |TAMS 0x0000000087800000| PB 0x0000000087800000| Untracked 
|  71|0x0000000087900000, 0x0000000087900000, 0x0000000087a00000|  0%| F|  |TAMS 0x0000000087900000| PB 0x0000000087900000| Untracked 
|  72|0x0000000087a00000, 0x0000000087a00000, 0x0000000087b00000|  0%| F|  |TAMS 0x0000000087a00000| PB 0x0000000087a00000| Untracked 
|  73|0x0000000087b00000, 0x0000000087b00000, 0x0000000087c00000|  0%| F|  |TAMS 0x0000000087b00000| PB 0x0000000087b00000| Untracked 
|  74|0x0000000087c00000, 0x0000000087c5cfa0, 0x0000000087d00000| 36%| S|CS|TAMS 0x0000000087c00000| PB 0x0000000087c00000| Complete 
|  75|0x0000000087d00000, 0x0000000087e00000, 0x0000000087e00000|100%| S|CS|TAMS 0x0000000087d00000| PB 0x0000000087d00000| Complete 
|  76|0x0000000087e00000, 0x0000000087e00000, 0x0000000087f00000|  0%| F|  |TAMS 0x0000000087e00000| PB 0x0000000087e00000| Untracked 
|  77|0x0000000087f00000, 0x0000000087f00000, 0x0000000088000000|  0%| F|  |TAMS 0x0000000087f00000| PB 0x0000000087f00000| Untracked 
|  78|0x0000000088000000, 0x00000000880be9b8, 0x0000000088100000| 74%| E|  |TAMS 0x0000000088000000| PB 0x0000000088000000| Complete 
|  79|0x0000000088100000, 0x0000000088200000, 0x0000000088200000|100%| E|CS|TAMS 0x0000000088100000| PB 0x0000000088100000| Complete 
|  80|0x0000000088200000, 0x0000000088300000, 0x0000000088300000|100%| E|CS|TAMS 0x0000000088200000| PB 0x0000000088200000| Complete 
|  81|0x0000000088300000, 0x0000000088400000, 0x0000000088400000|100%| E|CS|TAMS 0x0000000088300000| PB 0x0000000088300000| Complete 
|  82|0x0000000088400000, 0x0000000088500000, 0x0000000088500000|100%| E|CS|TAMS 0x0000000088400000| PB 0x0000000088400000| Complete 
|  83|0x0000000088500000, 0x0000000088600000, 0x0000000088600000|100%| E|CS|TAMS 0x0000000088500000| PB 0x0000000088500000| Complete 
|  84|0x0000000088600000, 0x0000000088700000, 0x0000000088700000|100%| E|CS|TAMS 0x0000000088600000| PB 0x0000000088600000| Complete 
|  85|0x0000000088700000, 0x0000000088800000, 0x0000000088800000|100%| E|CS|TAMS 0x0000000088700000| PB 0x0000000088700000| Complete 
|  86|0x0000000088800000, 0x0000000088900000, 0x0000000088900000|100%| E|CS|TAMS 0x0000000088800000| PB 0x0000000088800000| Complete 
|  87|0x0000000088900000, 0x0000000088a00000, 0x0000000088a00000|100%| E|CS|TAMS 0x0000000088900000| PB 0x0000000088900000| Complete 
|  88|0x0000000088a00000, 0x0000000088b00000, 0x0000000088b00000|100%| E|CS|TAMS 0x0000000088a00000| PB 0x0000000088a00000| Complete 
|  94|0x0000000089000000, 0x0000000089100000, 0x0000000089100000|100%| E|CS|TAMS 0x0000000089000000| PB 0x0000000089000000| Complete 
|  95|0x0000000089100000, 0x0000000089200000, 0x0000000089200000|100%| E|CS|TAMS 0x0000000089100000| PB 0x0000000089100000| Complete 
|  96|0x0000000089200000, 0x0000000089300000, 0x0000000089300000|100%| E|CS|TAMS 0x0000000089200000| PB 0x0000000089200000| Complete 
|  97|0x0000000089300000, 0x0000000089400000, 0x0000000089400000|100%| E|CS|TAMS 0x0000000089300000| PB 0x0000000089300000| Complete 
|  98|0x0000000089400000, 0x0000000089500000, 0x0000000089500000|100%| E|CS|TAMS 0x0000000089400000| PB 0x0000000089400000| Complete 
|  99|0x0000000089500000, 0x0000000089600000, 0x0000000089600000|100%| E|CS|TAMS 0x0000000089500000| PB 0x0000000089500000| Complete 
| 100|0x0000000089600000, 0x0000000089700000, 0x0000000089700000|100%| E|CS|TAMS 0x0000000089600000| PB 0x0000000089600000| Complete 
| 124|0x000000008ae00000, 0x000000008af00000, 0x000000008af00000|100%| E|CS|TAMS 0x000000008ae00000| PB 0x000000008ae00000| Complete 
| 125|0x000000008af00000, 0x000000008b000000, 0x000000008b000000|100%| E|CS|TAMS 0x000000008af00000| PB 0x000000008af00000| Complete 
|1992|0x00000000ffa00000, 0x00000000ffb00000, 0x00000000ffb00000|100%| E|CS|TAMS 0x00000000ffa00000| PB 0x00000000ffa00000| Complete 
|1993|0x00000000ffb00000, 0x00000000ffc00000, 0x00000000ffc00000|100%| O|  |TAMS 0x00000000ffb00000| PB 0x00000000ffb00000| Untracked 
|1994|0x00000000ffc00000, 0x00000000ffd00000, 0x00000000ffd00000|100%| E|CS|TAMS 0x00000000ffc00000| PB 0x00000000ffc00000| Complete 
|1995|0x00000000ffd00000, 0x00000000ffe00000, 0x00000000ffe00000|100%| O|  |TAMS 0x00000000ffd00000| PB 0x00000000ffd00000| Untracked 
|1996|0x00000000ffe00000, 0x00000000fff00000, 0x00000000fff00000|100%| O|  |TAMS 0x00000000ffe00000| PB 0x00000000ffe00000| Untracked 
|1997|0x00000000fff00000, 0x0000000100000000, 0x0000000100000000|100%| O|  |TAMS 0x00000000fff00000| PB 0x00000000fff00000| Untracked 

Card table byte_map: [0x000001fbfe8d0000,0x000001fbfecc0000] _byte_map_base: 0x000001fbfe4b7000

Marking Bits: (CMBitMap*) 0x000001fbf6092f10
 Bits: [0x000001fb8f000000, 0x000001fb90f38000)

Polling page: 0x000001fbf4050000

Metaspace:

Usage:
  Non-class:     36.46 MB used.
      Class:      4.56 MB used.
       Both:     41.02 MB used.

Virtual space:
  Non-class space:       64.00 MB reserved,      36.75 MB ( 57%) committed,  1 nodes.
      Class space:        1.00 GB reserved,       4.81 MB ( <1%) committed,  1 nodes.
             Both:        1.06 GB reserved,      41.56 MB (  4%) committed. 

Chunk freelists:
   Non-Class:  10.42 MB
       Class:  11.23 MB
        Both:  21.66 MB

MaxMetaspaceSize: unlimited
CompressedClassSpaceSize: 1.00 GB
Initial GC threshold: 21.00 MB
Current GC threshold: 64.94 MB
CDS: on
 - commit_granule_bytes: 65536.
 - commit_granule_words: 8192.
 - virtual_space_node_default_size: 8388608.
 - enlarge_chunks_in_place: 1.
 - use_allocation_guard: 0.


Internal statistics:

num_allocs_failed_limit: 6.
num_arena_births: 410.
num_arena_deaths: 4.
num_vsnodes_births: 2.
num_vsnodes_deaths: 0.
num_space_committed: 681.
num_space_uncommitted: 9.
num_chunks_returned_to_freelist: 77.
num_chunks_taken_from_freelist: 1814.
num_chunk_merges: 22.
num_chunk_splits: 1272.
num_chunks_enlarged: 989.
num_inconsistent_stats: 0.

CodeHeap 'non-profiled nmethods': size=120000Kb used=3956Kb max_used=3956Kb free=116043Kb
 bounds [0x000001fb87ad0000, 0x000001fb87eb0000, 0x000001fb8f000000]
CodeHeap 'profiled nmethods': size=120000Kb used=16303Kb max_used=16303Kb free=103696Kb
 bounds [0x000001fb80000000, 0x000001fb81000000, 0x000001fb87530000]
CodeHeap 'non-nmethods': size=5760Kb used=1592Kb max_used=1660Kb free=4167Kb
 bounds [0x000001fb87530000, 0x000001fb877a0000, 0x000001fb87ad0000]
 total_blobs=8214 nmethods=7571 adapters=547
 compilation: enabled
              stopped_count=0, restarted_count=0
 full_count=0

Compilation events (20 events):
Event: 42.236 Thread 0x000001fbff1ac070 9093       3       java.lang.ProcessEnvironment$CheckedEntry::getKey (13 bytes)
Event: 42.236 Thread 0x000001fbff1ac070 nmethod 9093 0x000001fb80fec290 code [0x000001fb80fec440, 0x000001fb80fec708]
Event: 42.236 Thread 0x000001fbff1ac070 9094       3       java.lang.ProcessEnvironment$CheckedEntry::getValue (13 bytes)
Event: 42.236 Thread 0x000001fbff1ac070 nmethod 9094 0x000001fb80fec810 code [0x000001fb80fec9c0, 0x000001fb80fecc88]
Event: 42.240 Thread 0x000001fbff1ac070 9095       3       java.lang.ProcessEnvironment$CheckedEntrySet$1::next (5 bytes)
Event: 42.240 Thread 0x000001fbff1ac070 nmethod 9095 0x000001fb80fecd90 code [0x000001fb80fecf60, 0x000001fb80fed430]
Event: 42.240 Thread 0x000001fbff1ac070 9096       3       java.lang.ProcessEnvironment$CheckedEntry::getKey (5 bytes)
Event: 42.241 Thread 0x000001fbff1ac070 nmethod 9096 0x000001fb80fed590 code [0x000001fb80fed760, 0x000001fb80feda98]
Event: 42.241 Thread 0x000001fbff1ac070 9097       3       java.lang.ProcessEnvironment$EntryComparator::compare (13 bytes)
Event: 42.241 Thread 0x000001fbff1ac070 nmethod 9097 0x000001fb80fedb90 code [0x000001fb80fedda0, 0x000001fb80fee4f8]
Event: 42.241 Thread 0x000001fbff1ac070 9098       3       java.lang.ProcessEnvironment$EntryComparator::compare (25 bytes)
Event: 42.242 Thread 0x000001fbff1ac070 nmethod 9098 0x000001fb80fee690 code [0x000001fb80fee880, 0x000001fb80feed60]
Event: 42.242 Thread 0x000001fbff1ac070 9099       3       java.lang.ProcessEnvironment$CheckedEntry::getValue (5 bytes)
Event: 42.242 Thread 0x000001fbff1ac070 nmethod 9099 0x000001fb80feef10 code [0x000001fb80fef0e0, 0x000001fb80fef418]
Event: 42.259 Thread 0x000001fbff1ac070 9101       1       java.util.logging.Logger::getName (5 bytes)
Event: 42.259 Thread 0x000001fbff1ac070 nmethod 9101 0x000001fb87e69010 code [0x000001fb87e691a0, 0x000001fb87e69268]
Event: 42.298 Thread 0x000001fbff1ac070 9102       3       java.util.zip.CRC32::update (38 bytes)
Event: 42.299 Thread 0x000001fbff1ac070 nmethod 9102 0x000001fb80fef510 code [0x000001fb80fef700, 0x000001fb80fefb38]
Event: 42.304 Thread 0x000001fbff1ac070 9103       3       java.lang.AbstractStringBuilder::append (45 bytes)
Event: 42.305 Thread 0x000001fbff1ac070 nmethod 9103 0x000001fb80fefd10 code [0x000001fb80feff20, 0x000001fb80ff0450]

GC Heap History (20 events):
Event: 18.977 GC heap before
{Heap before GC invocations=7 (full 0):
 garbage-first heap   total 76800K, used 61920K [0x0000000083200000, 0x0000000100000000)
  region size 1024K, 35 young (35840K), 6 survivors (6144K)
 Metaspace       used 34315K, committed 34624K, reserved 1114112K
  class space    used 3866K, committed 4032K, reserved 1048576K
}
Event: 19.001 GC heap after
{Heap after GC invocations=8 (full 0):
 garbage-first heap   total 77824K, used 40960K [0x0000000083200000, 0x0000000100000000)
  region size 1024K, 5 young (5120K), 5 survivors (5120K)
 Metaspace       used 34315K, committed 34624K, reserved 1114112K
  class space    used 3866K, committed 4032K, reserved 1048576K
}
Event: 19.921 GC heap before
{Heap before GC invocations=8 (full 0):
 garbage-first heap   total 77824K, used 62464K [0x0000000083200000, 0x0000000100000000)
  region size 1024K, 27 young (27648K), 5 survivors (5120K)
 Metaspace       used 35837K, committed 36160K, reserved 1114112K
  class space    used 4000K, committed 4160K, reserved 1048576K
}
Event: 19.936 GC heap after
{Heap after GC invocations=9 (full 0):
 garbage-first heap   total 77824K, used 45162K [0x0000000083200000, 0x0000000100000000)
  region size 1024K, 4 young (4096K), 4 survivors (4096K)
 Metaspace       used 35837K, committed 36160K, reserved 1114112K
  class space    used 4000K, committed 4160K, reserved 1048576K
}
Event: 20.432 GC heap before
{Heap before GC invocations=10 (full 0):
 garbage-first heap   total 81920K, used 60522K [0x0000000083200000, 0x0000000100000000)
  region size 1024K, 23 young (23552K), 4 survivors (4096K)
 Metaspace       used 36708K, committed 37056K, reserved 1114112K
  class space    used 4121K, committed 4288K, reserved 1048576K
}
Event: 20.440 GC heap after
{Heap after GC invocations=11 (full 0):
 garbage-first heap   total 81920K, used 42783K [0x0000000083200000, 0x0000000100000000)
  region size 1024K, 1 young (1024K), 1 survivors (1024K)
 Metaspace       used 36708K, committed 37056K, reserved 1114112K
  class space    used 4121K, committed 4288K, reserved 1048576K
}
Event: 21.569 GC heap before
{Heap before GC invocations=11 (full 0):
 garbage-first heap   total 81920K, used 68383K [0x0000000083200000, 0x0000000100000000)
  region size 1024K, 26 young (26624K), 1 survivors (1024K)
 Metaspace       used 38846K, committed 39296K, reserved 1114112K
  class space    used 4379K, committed 4608K, reserved 1048576K
}
Event: 21.578 GC heap after
{Heap after GC invocations=12 (full 0):
 garbage-first heap   total 98304K, used 43974K [0x0000000083200000, 0x0000000100000000)
  region size 1024K, 2 young (2048K), 2 survivors (2048K)
 Metaspace       used 38846K, committed 39296K, reserved 1114112K
  class space    used 4379K, committed 4608K, reserved 1048576K
}
Event: 21.971 GC heap before
{Heap before GC invocations=12 (full 0):
 garbage-first heap   total 98304K, used 52166K [0x0000000083200000, 0x0000000100000000)
  region size 1024K, 10 young (10240K), 2 survivors (2048K)
 Metaspace       used 38872K, committed 39360K, reserved 1114112K
  class space    used 4379K, committed 4608K, reserved 1048576K
}
Event: 21.979 GC heap after
{Heap after GC invocations=13 (full 0):
 garbage-first heap   total 98304K, used 44017K [0x0000000083200000, 0x0000000100000000)
  region size 1024K, 2 young (2048K), 2 survivors (2048K)
 Metaspace       used 38872K, committed 39360K, reserved 1114112K
  class space    used 4379K, committed 4608K, reserved 1048576K
}
Event: 22.107 GC heap before
{Heap before GC invocations=13 (full 0):
 garbage-first heap   total 98304K, used 56305K [0x0000000083200000, 0x0000000100000000)
  region size 1024K, 12 young (12288K), 2 survivors (2048K)
 Metaspace       used 38911K, committed 39424K, reserved 1114112K
  class space    used 4379K, committed 4608K, reserved 1048576K
}
Event: 22.127 GC heap after
{Heap after GC invocations=14 (full 0):
 garbage-first heap   total 98304K, used 52694K [0x0000000083200000, 0x0000000100000000)
  region size 1024K, 6 young (6144K), 6 survivors (6144K)
 Metaspace       used 38911K, committed 39424K, reserved 1114112K
  class space    used 4379K, committed 4608K, reserved 1048576K
}
Event: 22.511 GC heap before
{Heap before GC invocations=15 (full 0):
 garbage-first heap   total 106496K, used 75222K [0x0000000083200000, 0x0000000100000000)
  region size 1024K, 27 young (27648K), 6 survivors (6144K)
 Metaspace       used 38923K, committed 39424K, reserved 1114112K
  class space    used 4379K, committed 4608K, reserved 1048576K
}
Event: 22.535 GC heap after
{Heap after GC invocations=16 (full 0):
 garbage-first heap   total 106496K, used 60928K [0x0000000083200000, 0x0000000100000000)
  region size 1024K, 4 young (4096K), 4 survivors (4096K)
 Metaspace       used 38923K, committed 39424K, reserved 1114112K
  class space    used 4379K, committed 4608K, reserved 1048576K
}
Event: 23.213 GC heap before
{Heap before GC invocations=16 (full 0):
 garbage-first heap   total 106496K, used 82432K [0x0000000083200000, 0x0000000100000000)
  region size 1024K, 25 young (25600K), 4 survivors (4096K)
 Metaspace       used 39394K, committed 39936K, reserved 1114112K
  class space    used 4418K, committed 4672K, reserved 1048576K
}
Event: 23.230 GC heap after
{Heap after GC invocations=17 (full 0):
 garbage-first heap   total 106496K, used 59392K [0x0000000083200000, 0x0000000100000000)
  region size 1024K, 4 young (4096K), 4 survivors (4096K)
 Metaspace       used 39394K, committed 39936K, reserved 1114112K
  class space    used 4418K, committed 4672K, reserved 1048576K
}
Event: 23.724 GC heap before
{Heap before GC invocations=17 (full 0):
 garbage-first heap   total 106496K, used 80896K [0x0000000083200000, 0x0000000100000000)
  region size 1024K, 26 young (26624K), 4 survivors (4096K)
 Metaspace       used 40361K, committed 40896K, reserved 1114112K
  class space    used 4544K, committed 4800K, reserved 1048576K
}
Event: 23.730 GC heap after
{Heap after GC invocations=18 (full 0):
 garbage-first heap   total 106496K, used 60197K [0x0000000083200000, 0x0000000100000000)
  region size 1024K, 1 young (1024K), 1 survivors (1024K)
 Metaspace       used 40361K, committed 40896K, reserved 1114112K
  class space    used 4544K, committed 4800K, reserved 1048576K
}
Event: 38.696 GC heap before
{Heap before GC invocations=19 (full 0):
 garbage-first heap   total 106496K, used 83749K [0x0000000083200000, 0x0000000100000000)
  region size 1024K, 25 young (25600K), 1 survivors (1024K)
 Metaspace       used 39680K, committed 40192K, reserved 1114112K
  class space    used 4425K, committed 4672K, reserved 1048576K
}
Event: 38.699 GC heap after
{Heap after GC invocations=20 (full 0):
 garbage-first heap   total 106496K, used 60787K [0x0000000083200000, 0x0000000100000000)
  region size 1024K, 2 young (2048K), 2 survivors (2048K)
 Metaspace       used 39680K, committed 40192K, reserved 1114112K
  class space    used 4425K, committed 4672K, reserved 1048576K
}

Dll operation events (10 events):
Event: 0.013 Loaded shared library C:\Program Files\Java\jdk-21\bin\java.dll
Event: 0.085 Loaded shared library C:\Program Files\Java\jdk-21\bin\jsvml.dll
Event: 0.122 Loaded shared library C:\Program Files\Java\jdk-21\bin\net.dll
Event: 0.125 Loaded shared library C:\Program Files\Java\jdk-21\bin\nio.dll
Event: 0.130 Loaded shared library C:\Program Files\Java\jdk-21\bin\zip.dll
Event: 0.371 Loaded shared library C:\Program Files\JetBrains\IntelliJ IDEA 2025.2.2\plugins\maven\lib\maven3\lib\jansi-native\Windows\x86_64\jansi.dll
Event: 0.385 Loaded shared library C:\Program Files\Java\jdk-21\bin\jimage.dll
Event: 0.400 Loaded shared library C:\Program Files\Java\jdk-21\bin\verify.dll
Event: 6.967 Loaded shared library C:\Program Files\Java\jdk-21\bin\extnet.dll
Event: 7.171 Loaded shared library C:\Program Files\Java\jdk-21\bin\sunmscapi.dll

Deoptimization events (20 events):
Event: 42.301 Thread 0x000001fbda961e50 Uncommon trap: trap_request=0xffffff45 fr.pc=0x000001fb87bfd750 relative=0x00000000000002f0
Event: 42.301 Thread 0x000001fbda961e50 Uncommon trap: reason=unstable_if action=reinterpret pc=0x000001fb87bfd750 method=java.lang.AbstractStringBuilder.inflateIfNeededFor(Ljava/lang/String;)V @ 14 c2
Event: 42.301 Thread 0x000001fbda961e50 DEOPT PACKING pc=0x000001fb87bfd750 sp=0x000000a3255ff000
Event: 42.301 Thread 0x000001fbda961e50 DEOPT UNPACKING pc=0x000001fb875846a2 sp=0x000000a3255fee90 mode 2
Event: 42.301 Thread 0x000001fbda961e50 Uncommon trap: trap_request=0xffffff45 fr.pc=0x000001fb87ca7dd0 relative=0x00000000000002f0
Event: 42.301 Thread 0x000001fbda961e50 Uncommon trap: reason=unstable_if action=reinterpret pc=0x000001fb87ca7dd0 method=java.lang.String.getBytes([BIB)V @ 5 c2
Event: 42.301 Thread 0x000001fbda961e50 DEOPT PACKING pc=0x000001fb87ca7dd0 sp=0x000000a3255fefb0
Event: 42.301 Thread 0x000001fbda961e50 DEOPT UNPACKING pc=0x000001fb875846a2 sp=0x000000a3255fee88 mode 2
Event: 42.301 Thread 0x000001fbda961e50 Uncommon trap: trap_request=0xffffff76 fr.pc=0x000001fb87b9453c relative=0x0000000000002a3c
Event: 42.301 Thread 0x000001fbda961e50 Uncommon trap: reason=predicate action=maybe_recompile pc=0x000001fb87b9453c method=java.util.regex.Pattern.compile()V @ 78 c2
Event: 42.301 Thread 0x000001fbda961e50 DEOPT PACKING pc=0x000001fb87b9453c sp=0x000000a3255fefe0
Event: 42.301 Thread 0x000001fbda961e50 DEOPT UNPACKING pc=0x000001fb875846a2 sp=0x000000a3255fefd0 mode 2
Event: 42.301 Thread 0x000001fbda961e50 Uncommon trap: trap_request=0xffffff45 fr.pc=0x000001fb87c79b68 relative=0x00000000000000c8
Event: 42.301 Thread 0x000001fbda961e50 Uncommon trap: reason=unstable_if action=reinterpret pc=0x000001fb87c79b68 method=java.lang.String.codePointAt(I)I @ 4 c2
Event: 42.301 Thread 0x000001fbda961e50 DEOPT PACKING pc=0x000001fb87c79b68 sp=0x000000a3255fefd0
Event: 42.301 Thread 0x000001fbda961e50 DEOPT UNPACKING pc=0x000001fb875846a2 sp=0x000000a3255fef68 mode 2
Event: 42.301 Thread 0x000001fbda961e50 Uncommon trap: trap_request=0xffffffc6 fr.pc=0x000001fb87c873e8 relative=0x00000000000002a8
Event: 42.301 Thread 0x000001fbda961e50 Uncommon trap: reason=bimorphic_or_optimized_type_check action=maybe_recompile pc=0x000001fb87c873e8 method=java.util.regex.Matcher.getTextLength()I @ 4 c2
Event: 42.301 Thread 0x000001fbda961e50 DEOPT PACKING pc=0x000001fb87c873e8 sp=0x000000a3255ff070
Event: 42.301 Thread 0x000001fbda961e50 DEOPT UNPACKING pc=0x000001fb875846a2 sp=0x000000a3255fefa0 mode 2

Classes loaded (20 events):
Event: 42.238 Loading class java/lang/ProcessImpl
Event: 42.239 Loading class java/lang/Process
Event: 42.239 Loading class java/lang/Process done
Event: 42.240 Loading class java/lang/ProcessImpl done
Event: 42.256 Loading class java/lang/ProcessImpl$2
Event: 42.257 Loading class java/lang/ProcessImpl$2 done
Event: 42.257 Loading class java/lang/Process$PipeInputStream
Event: 42.257 Loading class java/lang/Process$PipeInputStream done
Event: 42.259 Loading class jdk/internal/event/ProcessStartEvent
Event: 42.259 Loading class jdk/internal/event/ProcessStartEvent done
Event: 42.260 Loading class java/nio/channels/ClosedChannelException
Event: 42.260 Loading class java/nio/channels/ClosedChannelException done
Event: 42.265 Loading class java/nio/channels/NonReadableChannelException
Event: 42.265 Loading class java/nio/channels/NonReadableChannelException done
Event: 42.266 Loading class java/nio/channels/NonWritableChannelException
Event: 42.267 Loading class java/nio/channels/NonWritableChannelException done
Event: 42.293 Loading class java/util/Scanner
Event: 42.298 Loading class java/util/Scanner done
Event: 42.300 Loading class java/util/Scanner$PatternLRUCache
Event: 42.300 Loading class java/util/Scanner$PatternLRUCache done

Classes unloaded (20 events):
Event: 23.827 Thread 0x000001fbff154ea0 Unloading class 0x000001fb944027d0 'lombok/javac/apt/MessagerDiagnosticsReceiver'
Event: 23.827 Thread 0x000001fbff154ea0 Unloading class 0x000001fb94402410 'lombok/javac/apt/InterceptingJavaFileManager'
Event: 23.827 Thread 0x000001fbff154ea0 Unloading class 0x000001fb94402210 'lombok/permit/dummy/Parent'
Event: 23.827 Thread 0x000001fbff154ea0 Unloading class 0x000001fb94402000 'lombok/core/CleanupRegistry'
Event: 23.827 Thread 0x000001fbff154ea0 Unloading class 0x000001fb94401db8 'lombok/permit/Permit$Fake'
Event: 23.827 Thread 0x000001fbff154ea0 Unloading class 0x000001fb94401bc0 'lombok/permit/Permit'
Event: 23.827 Thread 0x000001fbff154ea0 Unloading class 0x000001fb944018d8 'lombok/javac/apt/LombokProcessor$1'
Event: 23.828 Thread 0x000001fbff154ea0 Unloading class 0x000001fb944016e8 'lombok/core/DiagnosticsReceiver'
Event: 23.828 Thread 0x000001fbff154ea0 Unloading class 0x000001fb94401458 'lombok/javac/apt/LombokProcessor'
Event: 23.828 Thread 0x000001fbff154ea0 Unloading class 0x000001fb94401230 'lombok/core/AnnotationProcessor$EcjDescriptor'
Event: 23.828 Thread 0x000001fbff154ea0 Unloading class 0x000001fb94401000 'lombok/core/AnnotationProcessor$JavacDescriptor'
Event: 23.828 Thread 0x000001fbff154ea0 Unloading class 0x000001fb94400a78 'lombok/core/AnnotationProcessor$ProcessorDescriptor'
Event: 23.828 Thread 0x000001fbff154ea0 Unloading class 0x000001fb94400800 'lombok/core/AnnotationProcessor'
Event: 23.828 Thread 0x000001fbff154ea0 Unloading class 0x000001fb94433000 'lombok/launch/AnnotationProcessorHider$ClaimingProcessor'
Event: 23.828 Thread 0x000001fbff154ea0 Unloading class 0x000001fb94400488 'lombok/launch/AnnotationProcessorHider$AstModificationNotifierData'
Event: 23.828 Thread 0x000001fbff154ea0 Unloading class 0x000001fb94400210 'lombok/launch/ClassFileMetaData'
Event: 23.828 Thread 0x000001fbff154ea0 Unloading class 0x000001fb94400000 'lombok/launch/PackageShader'
Event: 23.828 Thread 0x000001fbff154ea0 Unloading class 0x000001fb943d4470 'lombok/launch/ShadowClassLoader'
Event: 23.828 Thread 0x000001fbff154ea0 Unloading class 0x000001fb943d4278 'lombok/launch/Main'
Event: 23.828 Thread 0x000001fbff154ea0 Unloading class 0x000001fb943d4000 'lombok/launch/AnnotationProcessorHider$AnnotationProcessor'

Classes redefined (0 events):
No events

Internal exceptions (20 events):
Event: 41.174 Thread 0x000001fbf3f12cb0 Exception <a 'sun/nio/fs/WindowsException'{0x00000000890c58c8}> (0x00000000890c58c8) 
thrown [s\open\src\hotspot\share\prims\jni.cpp, line 520]
Event: 41.176 Thread 0x000001fbf3f12cb0 Exception <a 'sun/nio/fs/WindowsException'{0x000000008892b400}> (0x000000008892b400) 
thrown [s\open\src\hotspot\share\prims\jni.cpp, line 520]
Event: 41.178 Thread 0x000001fbf3f12cb0 Exception <a 'sun/nio/fs/WindowsException'{0x0000000088932378}> (0x0000000088932378) 
thrown [s\open\src\hotspot\share\prims\jni.cpp, line 520]
Event: 41.180 Thread 0x000001fbf3f12cb0 Exception <a 'sun/nio/fs/WindowsException'{0x000000008893c5a0}> (0x000000008893c5a0) 
thrown [s\open\src\hotspot\share\prims\jni.cpp, line 520]
Event: 41.183 Thread 0x000001fbf3f12cb0 Exception <a 'sun/nio/fs/WindowsException'{0x0000000088943528}> (0x0000000088943528) 
thrown [s\open\src\hotspot\share\prims\jni.cpp, line 520]
Event: 41.185 Thread 0x000001fbf3f12cb0 Exception <a 'sun/nio/fs/WindowsException'{0x000000008894d770}> (0x000000008894d770) 
thrown [s\open\src\hotspot\share\prims\jni.cpp, line 520]
Event: 41.189 Thread 0x000001fbf3f12cb0 Exception <a 'sun/nio/fs/WindowsException'{0x000000008896fe88}> (0x000000008896fe88) 
thrown [s\open\src\hotspot\share\prims\jni.cpp, line 520]
Event: 41.190 Thread 0x000001fbf3f12cb0 Exception <a 'sun/nio/fs/WindowsException'{0x00000000889702a8}> (0x00000000889702a8) 
thrown [s\open\src\hotspot\share\prims\jni.cpp, line 520]
Event: 41.273 Thread 0x000001fbf3f12cb0 Exception <a 'sun/nio/fs/WindowsException'{0x0000000088981708}> (0x0000000088981708) 
thrown [s\open\src\hotspot\share\prims\jni.cpp, line 520]
Event: 41.278 Thread 0x000001fbf3f12cb0 Exception <a 'sun/nio/fs/WindowsException'{0x000000008898fcd0}> (0x000000008898fcd0) 
thrown [s\open\src\hotspot\share\prims\jni.cpp, line 520]
Event: 41.283 Thread 0x000001fbf3f12cb0 Exception <a 'sun/nio/fs/WindowsException'{0x00000000889aafc8}> (0x00000000889aafc8) 
thrown [s\open\src\hotspot\share\prims\jni.cpp, line 520]
Event: 41.286 Thread 0x000001fbf3f12cb0 Exception <a 'sun/nio/fs/WindowsException'{0x00000000889b2510}> (0x00000000889b2510) 
thrown [s\open\src\hotspot\share\prims\jni.cpp, line 520]
Event: 41.306 Thread 0x000001fbf3f12cb0 Exception <a 'sun/nio/fs/WindowsException'{0x0000000088827898}> (0x0000000088827898) 
thrown [s\open\src\hotspot\share\prims\jni.cpp, line 520]
Event: 41.306 Thread 0x000001fbf3f12cb0 Exception <a 'sun/nio/fs/WindowsException'{0x0000000088827cb8}> (0x0000000088827cb8) 
thrown [s\open\src\hotspot\share\prims\jni.cpp, line 520]
Event: 41.308 Thread 0x000001fbf3f12cb0 Exception <a 'sun/nio/fs/WindowsException'{0x00000000888322c0}> (0x00000000888322c0) 
thrown [s\open\src\hotspot\share\prims\jni.cpp, line 520]
Event: 41.448 Thread 0x000001fbf3f12cb0 Exception <a 'sun/nio/fs/WindowsException'{0x00000000888395c0}> (0x00000000888395c0) 
thrown [s\open\src\hotspot\share\prims\jni.cpp, line 520]
Event: 41.971 Thread 0x000001fbf3f12cb0 Exception <a 'sun/nio/fs/WindowsException'{0x0000000088856360}> (0x0000000088856360) 
thrown [s\open\src\hotspot\share\prims\jni.cpp, line 520]
Event: 41.977 Thread 0x000001fbf3f12cb0 Exception <a 'sun/nio/fs/WindowsException'{0x000000008888ce40}> (0x000000008888ce40) 
thrown [s\open\src\hotspot\share\prims\jni.cpp, line 520]
Event: 41.979 Thread 0x000001fbf3f12cb0 Exception <a 'sun/nio/fs/WindowsException'{0x0000000088897068}> (0x0000000088897068) 
thrown [s\open\src\hotspot\share\prims\jni.cpp, line 520]
Event: 42.256 Thread 0x000001fbf3f12cb0 Exception <a 'java/lang/NoSuchMethodError'{0x000000008829ab90}: 'void java.lang.invoke.DirectMethodHandle$Holder.invokeStatic(java.lang.Object, long)'> (0x000000008829ab90) 
thrown [s\open\src\hotspot\share\interpreter\linkResolver.cpp, line 773]

ZGC Phase Switch (0 events):
No events

VM Operations (20 events):
Event: 38.696 Executing VM operation: G1CollectForAllocation (G1 Evacuation Pause)
Event: 38.699 Executing VM operation: G1CollectForAllocation (G1 Evacuation Pause) done
Event: 38.736 Executing VM operation: HandshakeAllThreads (Deoptimize)
Event: 38.737 Executing VM operation: HandshakeAllThreads (Deoptimize) done
Event: 38.739 Executing VM operation: HandshakeAllThreads (Deoptimize)
Event: 38.739 Executing VM operation: HandshakeAllThreads (Deoptimize) done
Event: 39.740 Executing VM operation: Cleanup
Event: 39.740 Executing VM operation: Cleanup done
Event: 40.742 Executing VM operation: Cleanup
Event: 40.742 Executing VM operation: Cleanup done
Event: 41.755 Executing VM operation: Cleanup
Event: 41.755 Executing VM operation: Cleanup done
Event: 42.051 Executing VM operation: HandshakeAllThreads (Deoptimize)
Event: 42.051 Executing VM operation: HandshakeAllThreads (Deoptimize) done
Event: 42.061 Executing VM operation: HandshakeAllThreads (Deoptimize)
Event: 42.061 Executing VM operation: HandshakeAllThreads (Deoptimize) done
Event: 42.258 Executing VM operation: HandshakeAllThreads (Deoptimize)
Event: 42.258 Executing VM operation: HandshakeAllThreads (Deoptimize) done
Event: 43.266 Executing VM operation: Cleanup
Event: 43.266 Executing VM operation: Cleanup done

Events (20 events):
Event: 38.557 Thread 0x000001fbff17dd20 Thread exited: 0x000001fbff17dd20
Event: 38.705 Thread 0x000001fbff17d000 Thread added: 0x000001fbff17d000
Event: 38.720 Thread 0x000001fbd8d3fb10 Thread added: 0x000001fbd8d3fb10
Event: 38.741 Thread 0x000001fbff17d000 Thread exited: 0x000001fbff17d000
Event: 39.094 Thread 0x000001fbd8d3fb10 Thread exited: 0x000001fbd8d3fb10
Event: 40.132 Thread 0x000001fbff17d000 Thread added: 0x000001fbff17d000
Event: 40.132 Thread 0x000001fbff17d690 Thread added: 0x000001fbff17d690
Event: 40.132 Thread 0x000001fbff17dd20 Thread added: 0x000001fbff17dd20
Event: 40.132 Thread 0x000001fbd9296c80 Thread added: 0x000001fbd9296c80
Event: 41.164 Thread 0x000001fbff17d690 Thread exited: 0x000001fbff17d690
Event: 41.164 Thread 0x000001fbff17dd20 Thread exited: 0x000001fbff17dd20
Event: 41.164 Thread 0x000001fbd9296c80 Thread exited: 0x000001fbd9296c80
Event: 41.165 Thread 0x000001fbff17d000 Thread exited: 0x000001fbff17d000
Event: 42.000 Thread 0x000001fbff17d000 Thread added: 0x000001fbff17d000
Event: 42.006 Thread 0x000001fbff17d690 Thread added: 0x000001fbff17d690
Event: 42.118 Thread 0x000001fbd8d3e6a0 Thread added: 0x000001fbd8d3e6a0
Event: 42.230 Thread 0x000001fbff17dd20 Thread added: 0x000001fbff17dd20
Event: 42.292 Thread 0x000001fbda961e50 Thread added: 0x000001fbda961e50
Event: 42.292 Thread 0x000001fbda963890 Thread added: 0x000001fbda963890
Event: 42.309 Thread 0x000001fbda963f20 Thread added: 0x000001fbda963f20


Dynamic libraries:
0x00007ff681360000 - 0x00007ff681370000 	C:\Program Files\Java\jdk-21\bin\java.exe
0x00007ff9a77d0000 - 0x00007ff9a79c8000 	C:\Windows\SYSTEM32\ntdll.dll
0x00007ff9a6e10000 - 0x00007ff9a6ed2000 	C:\Windows\System32\KERNEL32.DLL
0x00007ff9a52d0000 - 0x00007ff9a55c6000 	C:\Windows\System32\KERNELBASE.dll
0x00007ff9a55d0000 - 0x00007ff9a56d0000 	C:\Windows\System32\ucrtbase.dll
0x00007ff98e2d0000 - 0x00007ff98e2e9000 	C:\Program Files\Java\jdk-21\bin\jli.dll
0x00007ff9a5e30000 - 0x00007ff9a5ee1000 	C:\Windows\System32\ADVAPI32.dll
0x00007ff9a57f0000 - 0x00007ff9a588e000 	C:\Windows\System32\msvcrt.dll
0x00007ff9a6a70000 - 0x00007ff9a6b0f000 	C:\Windows\System32\sechost.dll
0x00007ff9a6ee0000 - 0x00007ff9a7000000 	C:\Windows\System32\RPCRT4.dll
0x00007ff9a5070000 - 0x00007ff9a5097000 	C:\Windows\System32\bcrypt.dll
0x00007ff9a7010000 - 0x00007ff9a71b1000 	C:\Windows\System32\USER32.dll
0x00007ff9a5200000 - 0x00007ff9a5222000 	C:\Windows\System32\win32u.dll
0x00007ff9a5950000 - 0x00007ff9a597b000 	C:\Windows\System32\GDI32.dll
0x00007ff9a56d0000 - 0x00007ff9a57e9000 	C:\Windows\System32\gdi32full.dll
0x00007ff9a5230000 - 0x00007ff9a52cd000 	C:\Windows\System32\msvcp_win.dll
0x00007ff98e2b0000 - 0x00007ff98e2cb000 	C:\Program Files\Java\jdk-21\bin\VCRUNTIME140.dll
0x00007ff98fac0000 - 0x00007ff98fd5b000 	C:\Windows\WinSxS\amd64_microsoft.windows.common-controls_6595b64144ccf1df_6.0.19041.6456_none_60b8a6cb71f64256\COMCTL32.dll
0x00007ff99a1f0000 - 0x00007ff99a1fa000 	C:\Windows\SYSTEM32\VERSION.dll
0x00007ff9a71c0000 - 0x00007ff9a71ef000 	C:\Windows\System32\IMM32.DLL
0x00007ff99ba30000 - 0x00007ff99ba3c000 	C:\Program Files\Java\jdk-21\bin\vcruntime140_1.dll
0x00007ff9723f0000 - 0x00007ff97247e000 	C:\Program Files\Java\jdk-21\bin\msvcp140.dll
0x00007ff93a760000 - 0x00007ff93b47d000 	C:\Program Files\Java\jdk-21\bin\server\jvm.dll
0x00007ff9a5b50000 - 0x00007ff9a5bbb000 	C:\Windows\System32\WS2_32.dll
0x00007ff9a4cc0000 - 0x00007ff9a4d0b000 	C:\Windows\SYSTEM32\POWRPROF.dll
0x00007ff98cfa0000 - 0x00007ff98cfc7000 	C:\Windows\SYSTEM32\WINMM.dll
0x00007ff9a4ca0000 - 0x00007ff9a4cb2000 	C:\Windows\SYSTEM32\UMPDC.dll
0x00007ff9a2cd0000 - 0x00007ff9a2ce2000 	C:\Windows\SYSTEM32\kernel.appcore.dll
0x00007ff98e4e0000 - 0x00007ff98e4ea000 	C:\Program Files\Java\jdk-21\bin\jimage.dll
0x00007ff99ac00000 - 0x00007ff99ae01000 	C:\Windows\SYSTEM32\DBGHELP.DLL
0x00007ff9890d0000 - 0x00007ff989104000 	C:\Windows\SYSTEM32\dbgcore.DLL
0x00007ff9a4fe0000 - 0x00007ff9a5062000 	C:\Windows\System32\bcryptPrimitives.dll
0x00007ff972ab0000 - 0x00007ff972acf000 	C:\Program Files\Java\jdk-21\bin\java.dll
0x00007ff9a5fa0000 - 0x00007ff9a6710000 	C:\Windows\System32\SHELL32.dll
0x00007ff9a2ed0000 - 0x00007ff9a3675000 	C:\Windows\SYSTEM32\windows.storage.dll
0x00007ff9a6710000 - 0x00007ff9a6a64000 	C:\Windows\System32\combase.dll
0x00007ff9a4820000 - 0x00007ff9a484b000 	C:\Windows\SYSTEM32\Wldp.dll
0x00007ff9a5bc0000 - 0x00007ff9a5c8d000 	C:\Windows\System32\OLEAUT32.dll
0x00007ff9a6d60000 - 0x00007ff9a6e0d000 	C:\Windows\System32\SHCORE.dll
0x00007ff9a5dd0000 - 0x00007ff9a5e2b000 	C:\Windows\System32\shlwapi.dll
0x00007ff9a4d90000 - 0x00007ff9a4db4000 	C:\Windows\SYSTEM32\profapi.dll
0x00007ff95e9d0000 - 0x00007ff95eaa7000 	C:\Program Files\Java\jdk-21\bin\jsvml.dll
0x00007ff9722a0000 - 0x00007ff9722b0000 	C:\Program Files\Java\jdk-21\bin\net.dll
0x00007ff990810000 - 0x00007ff99091a000 	C:\Windows\SYSTEM32\WINHTTP.dll
0x00007ff9a4580000 - 0x00007ff9a45ea000 	C:\Windows\system32\mswsock.dll
0x00007ff972080000 - 0x00007ff972096000 	C:\Program Files\Java\jdk-21\bin\nio.dll
0x00007ff965420000 - 0x00007ff965438000 	C:\Program Files\Java\jdk-21\bin\zip.dll
0x00007ff964ff0000 - 0x00007ff965014000 	C:\Program Files\JetBrains\IntelliJ IDEA 2025.2.2\plugins\maven\lib\maven3\lib\jansi-native\Windows\x86_64\jansi.dll
0x00007ff9726a0000 - 0x00007ff9726b0000 	C:\Program Files\Java\jdk-21\bin\verify.dll
0x00007ff9a4780000 - 0x00007ff9a4798000 	C:\Windows\SYSTEM32\CRYPTSP.dll
0x00007ff9a3ea0000 - 0x00007ff9a3ed8000 	C:\Windows\system32\rsaenh.dll
0x00007ff9a4d50000 - 0x00007ff9a4d7e000 	C:\Windows\SYSTEM32\USERENV.dll
0x00007ff9a4770000 - 0x00007ff9a477c000 	C:\Windows\SYSTEM32\CRYPTBASE.dll
0x00007ff9a4260000 - 0x00007ff9a429b000 	C:\Windows\SYSTEM32\IPHLPAPI.DLL
0x00007ff9a7000000 - 0x00007ff9a7008000 	C:\Windows\System32\NSI.dll
0x00007ff9a42a0000 - 0x00007ff9a436a000 	C:\Windows\SYSTEM32\DNSAPI.dll
0x00007ff99a1d0000 - 0x00007ff99a1da000 	C:\Windows\System32\rasadhlp.dll
0x00007ff98def0000 - 0x00007ff98df70000 	C:\Windows\System32\fwpuclnt.dll
0x00007ff98e2a0000 - 0x00007ff98e2a9000 	C:\Program Files\Java\jdk-21\bin\extnet.dll
0x00007ff972560000 - 0x00007ff97256e000 	C:\Program Files\Java\jdk-21\bin\sunmscapi.dll
0x00007ff9a50a0000 - 0x00007ff9a51fd000 	C:\Windows\System32\CRYPT32.dll
0x00007ff9a4890000 - 0x00007ff9a48b7000 	C:\Windows\SYSTEM32\ncrypt.dll
0x00007ff9a4850000 - 0x00007ff9a488b000 	C:\Windows\SYSTEM32\NTASN1.dll

dbghelp: loaded successfully - version: 4.0.5 - missing functions: none
symbol engine: initialized successfully - sym options: 0x614 - pdb path: .;C:\Program Files\Java\jdk-21\bin;C:\Windows\SYSTEM32;C:\Windows\WinSxS\amd64_microsoft.windows.common-controls_6595b64144ccf1df_6.0.19041.6456_none_60b8a6cb71f64256;C:\Program Files\Java\jdk-21\bin\server;C:\Program Files\JetBrains\IntelliJ IDEA 2025.2.2\plugins\maven\lib\maven3\lib\jansi-native\Windows\x86_64

VM Arguments:
jvm_args: -Dclassworlds.conf=C:\Program Files\JetBrains\IntelliJ IDEA 2025.2.2\plugins\maven\lib\maven3\bin\m2.conf -Dmaven.home=C:\Program Files\JetBrains\IntelliJ IDEA 2025.2.2\plugins\maven\lib\maven3 -Dlibrary.jansi.path=C:\Program Files\JetBrains\IntelliJ IDEA 2025.2.2\plugins\maven\lib\maven3\lib\jansi-native -Dmaven.multiModuleProjectDirectory=D:\Spring Khamlishi\mini-ecom\backend\mini-ecommerce 
java_command: org.codehaus.plexus.classworlds.launcher.Launcher -Didea.version=2025.2.2 -Dmaven.ext.class.path=C:\Program Files\JetBrains\IntelliJ IDEA 2025.2.2\plugins\maven\lib\maven-event-listener.jar -Djansi.passthrough=true -Dstyle.color=always -Dmaven.repo.local=C:\Users\chakh\.m2\repository install -f pom.xml
java_class_path (initial): C:\Program Files\JetBrains\IntelliJ IDEA 2025.2.2\plugins\maven\lib\maven3\boot\plexus-classworlds-2.8.0.jar
Launcher Type: SUN_STANDARD

[Global flags]
     intx CICompilerCount                          = 3                                         {product} {ergonomic}
     uint ConcGCThreads                            = 1                                         {product} {ergonomic}
     uint G1ConcRefinementThreads                  = 4                                         {product} {ergonomic}
   size_t G1HeapRegionSize                         = 1048576                                   {product} {ergonomic}
    uintx GCDrainStackTargetSize                   = 64                                        {product} {ergonomic}
   size_t InitialHeapSize                          = 132120576                                 {product} {ergonomic}
   size_t MarkStackSize                            = 4194304                                   {product} {ergonomic}
   size_t MaxHeapSize                              = 2095054848                                {product} {ergonomic}
   size_t MaxNewSize                               = 1256194048                                {product} {ergonomic}
   size_t MinHeapDeltaBytes                        = 1048576                                   {product} {ergonomic}
   size_t MinHeapSize                              = 8388608                                   {product} {ergonomic}
    uintx NonNMethodCodeHeapSize                   = 5832780                                {pd product} {ergonomic}
    uintx NonProfiledCodeHeapSize                  = 122912730                              {pd product} {ergonomic}
    uintx ProfiledCodeHeapSize                     = 122912730                              {pd product} {ergonomic}
    uintx ReservedCodeCacheSize                    = 251658240                              {pd product} {ergonomic}
     bool SegmentedCodeCache                       = true                                      {product} {ergonomic}
   size_t SoftMaxHeapSize                          = 2095054848                             {manageable} {ergonomic}
     bool UseCompressedOops                        = true                           {product lp64_product} {ergonomic}
     bool UseG1GC                                  = true                                      {product} {ergonomic}
     bool UseLargePagesIndividualAllocation        = false                                  {pd product} {ergonomic}

Logging:
Log output configuration:
 #0: stdout all=warning uptime,level,tags foldmultilines=false
 #1: stderr all=off uptime,level,tags foldmultilines=false

Environment Variables:
JAVA_HOME=C:\Program Files\Java\jdk-21
PATH=C:\Program Files\PowerShell\7\;C:\Program Files\Common Files\Oracle\Java\javapath;E:\Apps\Oracle\dbhomeXE\bin;E:\Apps\PostgreSQL\bin;C:\Users\chakh\.config\herd\bin\php84;C:\Windows\system32;C:\Program Files\MongoDB\Server\8.2\bin;C:\Program Files\MongoDB\Tools\100\bin;C:\Windows;C:\Windows\System32\Wbem;C:\Windows\System32\WindowsPowerShell\v1.0\;C:\Windows\System32\OpenSSH\;C:\Program Files\Git\cmd;C:\Users\chakh\AppData\Local\Programs\Python\Python313\Scripts;C:\Program Files\nodejs\;C:\ProgramData\ComposerSetup\bin;C:\Program Files\nodejs;E:\Apps\PostgreSQL\18\bin;C:\Program Files\Java\jdk-21\bin;C:\Users\chakh\.config\herd\bin;C:\Users\chakh\.config\herd\bin\php84;C:\Program Files\MySQL\MySQL Shell 8.0\bin\;C:\Users\chakh\AppData\Local\Programs\Python\Python313\Scripts\;C:\Users\chakh\AppData\Local\Programs\Python\Python313\;C:\Users\chakh\AppData\Local\Programs\Python\Launcher\;C:\Users\chakh\AppData\Local\Microsoft\WindowsApps;C:\Users\chakh\AppData\Local\Programs\Microsoft VS Code\bin;C:\MinGW\bin;C:\Users\chakh\AppData\Roaming\npm;C:\Users\chakh\AppData\Roaming\Composer\vendor\bin;C:\Program Files\JetBrains\IntelliJ IDEA 2025.2.2\bin;C:\Users\chakh\AppData\Local\Programs\mongosh\
USERNAME=chakh
OS=Windows_NT
PROCESSOR_IDENTIFIER=Intel64 Family 6 Model 142 Stepping 9, GenuineIntel
TMP=C:\Users\chakh\AppData\Local\Temp
TEMP=C:\Users\chakh\AppData\Local\Temp




Periodic native trim disabled

---------------  S Y S T E M  ---------------

OS:
 Windows 10 , 64 bit Build 19041 (10.0.19041.5915)
OS uptime: 0 days 1:15 hours

CPU: total 4 (initial active 4) (2 cores per cpu, 2 threads per core) family 6 model 142 stepping 9 microcode 0xf4, cx8, cmov, fxsr, ht, mmx, 3dnowpref, sse, sse2, sse3, ssse3, sse4.1, sse4.2, popcnt, lzcnt, tsc, tscinvbit, avx, avx2, aes, erms, clmul, bmi1, bmi2, adx, fma, vzeroupper, clflush, clflushopt, rdtscp, f16c
Processor Information for all 4 processors :
  Max Mhz: 2400, Current Mhz: 2400, Mhz Limit: 2400

Memory: 4k page, system-wide physical 7987M (589M free)
TotalPageFile size 13420M (AvailPageFile size 8M)
current process WorkingSet (physical memory assigned to process): 386M, peak: 386M
current process commit charge ("private bytes"): 419M, peak: 419M

vm_info: Java HotSpot(TM) 64-Bit Server VM (21.0.8+12-LTS-250) for windows-amd64 JRE (21.0.8+12-LTS-250), built on 2025-06-27T08:11:22Z by "mach5one" with MS VC++ 17.6 (VS2022)

END.
